{
    AKLastEmailListRequestDateKey = "2024-09-21 13:13:21 +0000";
    AKLastIDMSEnvironment = 0;
    AKLastLocale = "en_US";
    AppleAntiAliasingThreshold = 4;
    AppleInterfaceStyle = Dark;
    AppleLanguages =     (
        "en-US"
    );
    AppleLanguagesSchemaVersion = 4000;
    AppleLocale = "en_US";
    AppleMiniaturizeOnDoubleClick = 0;
    AppleShowAllExtensions = 1;
    AppleShowAllFiles = 1;
    "KB_DoubleQuoteOption" = "\\U201cabc\\U201d";
    "KB_SingleQuoteOption" = "\\U2018abc\\U2019";
    "KB_SpellingLanguage" =     {
        "KB_SpellingLanguageIsAutomatic" = 1;
    };
    NSAutomaticCapitalizationEnabled = 1;
    NSAutomaticPeriodSubstitutionEnabled = 1;
    NSAutomaticWindowAnimationsEnabled = 0;
    NSDocumentSaveNewDocumentsToCloud = 0;
    NSLinguisticDataAssetsRequestLastInterval = 86400;
    NSLinguisticDataAssetsRequestTime = "2024-09-21 13:47:08 +0000";
    NSLinguisticDataAssetsRequested =     (
        en
    );
    NSLinguisticDataAssetsRequestedByChecker =     (
        en
    );
    NSNavPanelFileLastListModeForOpenModeKey = 1;
    NSNavPanelFileListModeForOpenMode2 = 1;
    NSPreferredWebServices =     {
        NSWebServicesProviderWebSearch =         {
            NSDefaultDisplayName = Google;
            NSProviderIdentifier = "com.google.www";
        };
    };
    NSSpellCheckerDictionaryContainerTransitionComplete = 1;
    NSSpellCheckerInputAnalyticsTime = "2024-09-20 15:27:50 +0000";
    NSUseAnimatedFocusRing = 0;
    NSUserDictionaryReplacementItems =     (
                {
            on = 1;
            replace = omw;
            with = "On my way!";
        },
                {
            on = 1;
            replace = gmily;
            with = "Good morning. I love you!";
        }
    );
    NSUserQuotesArray =     (
        "\\U201c",
        "\\U201d",
        "\\U2018",
        "\\U2019"
    );
    NavPanelFileListModeForOpenMode = 1;
    "com.apple.finder.SyncExtensions" =     {
        collaborationMap =         {
            "mega.mac.MEGAShellExtFinder" = 0;
        };
        dirMap =         {
            "mega.mac.MEGAShellExtFinder" =             (
                "file:///private/var/vault/"
            );
        };
    };
    "com.apple.keyboard.fnState" = 1;
    "com.apple.mouse.tapBehavior" = 1;
    "com.apple.sound.beep.feedback" = 1;
    "com.apple.sound.beep.flash" = 0;
    "com.apple.springing.delay" = "0.5";
    "com.apple.springing.enabled" = 0;
    "com.apple.trackpad.forceClick" = 1;
}
